# stagewise_monte_carlo_combined
# source_log_1=C:\Users\noaho\Desktop\gitgit\Attacks\full_key_recovery\quotient\artifacts\monte_carlo_stagewise.log
# source_log_2=C:\Users\noaho\Desktop\gitgit\Attacks\full_key_recovery\monte_carlo_stagewise_plus68.log
# combined_key_count=100 budgets=64,128,256 search_trials=512 search_beam=32 search_seed=1 workers=16
# columns: key_index key_hex budget success seconds
0 754122d0ffa6f4da7e581eb5ad4d2f20653d419fb46ef35e2c755140c63c25b4 64 1 113.689
0 754122d0ffa6f4da7e581eb5ad4d2f20653d419fb46ef35e2c755140c63c25b4 128 skip-monotone 0.000
0 754122d0ffa6f4da7e581eb5ad4d2f20653d419fb46ef35e2c755140c63c25b4 256 skip-monotone 0.000
1 99eb7baf22ee3a8a44e8d481d3a99b0d3cea41ef61780dc0b6eb15be7daaa094 64 1 120.499
1 99eb7baf22ee3a8a44e8d481d3a99b0d3cea41ef61780dc0b6eb15be7daaa094 128 skip-monotone 0.000
1 99eb7baf22ee3a8a44e8d481d3a99b0d3cea41ef61780dc0b6eb15be7daaa094 256 skip-monotone 0.000
2 8f90f281fc5acd23a65e4bd2a1fd9e69674941deb8eecf8c989a06053bae452b 64 1 101.124
2 8f90f281fc5acd23a65e4bd2a1fd9e69674941deb8eecf8c989a06053bae452b 128 skip-monotone 0.000
2 8f90f281fc5acd23a65e4bd2a1fd9e69674941deb8eecf8c989a06053bae452b 256 skip-monotone 0.000
3 8c738cd9d8bac70cf2c0144782a8d138506e01f1a352346fe05547b648ba9167 64 1 92.203
3 8c738cd9d8bac70cf2c0144782a8d138506e01f1a352346fe05547b648ba9167 128 skip-monotone 0.000
3 8c738cd9d8bac70cf2c0144782a8d138506e01f1a352346fe05547b648ba9167 256 skip-monotone 0.000
4 dc86a656ad72d63d74080e84770343c231507c1d35896507682eae75083d47fe 64 1 78.631
4 dc86a656ad72d63d74080e84770343c231507c1d35896507682eae75083d47fe 128 skip-monotone 0.000
4 dc86a656ad72d63d74080e84770343c231507c1d35896507682eae75083d47fe 256 skip-monotone 0.000
5 076ae184453117e63639f9bfae4eb395747a5227c8be60b3c15f0a4394da245e 64 1 101.666
5 076ae184453117e63639f9bfae4eb395747a5227c8be60b3c15f0a4394da245e 128 skip-monotone 0.000
5 076ae184453117e63639f9bfae4eb395747a5227c8be60b3c15f0a4394da245e 256 skip-monotone 0.000
6 9ef87590eb09082fc74266ea9103a0093b1c9854f58fcaef89dcd6dcd5ba90f0 64 1 106.759
6 9ef87590eb09082fc74266ea9103a0093b1c9854f58fcaef89dcd6dcd5ba90f0 128 skip-monotone 0.000
6 9ef87590eb09082fc74266ea9103a0093b1c9854f58fcaef89dcd6dcd5ba90f0 256 skip-monotone 0.000
7 ba2a8e2b7875a482e5a3fcfa548ff51d3a83a9fe7c2c5f0aee11a5d4d22dd7b0 64 1 102.932
7 ba2a8e2b7875a482e5a3fcfa548ff51d3a83a9fe7c2c5f0aee11a5d4d22dd7b0 128 skip-monotone 0.000
7 ba2a8e2b7875a482e5a3fcfa548ff51d3a83a9fe7c2c5f0aee11a5d4d22dd7b0 256 skip-monotone 0.000
8 0bb9fbe90516fb538a8004bd6bd705823aed4614cc62e2ef35efea9e6995ee35 64 1 85.329
8 0bb9fbe90516fb538a8004bd6bd705823aed4614cc62e2ef35efea9e6995ee35 128 skip-monotone 0.000
8 0bb9fbe90516fb538a8004bd6bd705823aed4614cc62e2ef35efea9e6995ee35 256 skip-monotone 0.000
9 5a0e7e3f4db700e924e706afb1f4e8ca3b9b22a3106ccfdcc4869c6bfa7a34b6 64 1 87.951
9 5a0e7e3f4db700e924e706afb1f4e8ca3b9b22a3106ccfdcc4869c6bfa7a34b6 128 skip-monotone 0.000
9 5a0e7e3f4db700e924e706afb1f4e8ca3b9b22a3106ccfdcc4869c6bfa7a34b6 256 skip-monotone 0.000
10 34b5f39956882b2fa9e20ba0377d98649f5f4ec585c5d5da1b623d0684147071 64 1 66.678
10 34b5f39956882b2fa9e20ba0377d98649f5f4ec585c5d5da1b623d0684147071 128 skip-monotone 0.000
10 34b5f39956882b2fa9e20ba0377d98649f5f4ec585c5d5da1b623d0684147071 256 skip-monotone 0.000
11 b05d02ebde3dc0c20107571b495cc13f7b2ad0cda9abab0218dee908241a9187 64 1 156.716
11 b05d02ebde3dc0c20107571b495cc13f7b2ad0cda9abab0218dee908241a9187 128 skip-monotone 0.000
11 b05d02ebde3dc0c20107571b495cc13f7b2ad0cda9abab0218dee908241a9187 256 skip-monotone 0.000
12 7ba62d69040faa86b1d625efbf666faee07a7f9058dddc94efbb025cc16050ba 64 1 100.457
12 7ba62d69040faa86b1d625efbf666faee07a7f9058dddc94efbb025cc16050ba 128 skip-monotone 0.000
12 7ba62d69040faa86b1d625efbf666faee07a7f9058dddc94efbb025cc16050ba 256 skip-monotone 0.000
13 c186dc9eb1c12ceec50d2c51c49d633d8f8a725f1e84f92cd2102a99b648293d 64 1 88.006
13 c186dc9eb1c12ceec50d2c51c49d633d8f8a725f1e84f92cd2102a99b648293d 128 skip-monotone 0.000
13 c186dc9eb1c12ceec50d2c51c49d633d8f8a725f1e84f92cd2102a99b648293d 256 skip-monotone 0.000
14 37695641d9656d8c49de62909d1f81b9d3a2340a696bf6809874e450e9be6849 64 1 112.844
14 37695641d9656d8c49de62909d1f81b9d3a2340a696bf6809874e450e9be6849 128 skip-monotone 0.000
14 37695641d9656d8c49de62909d1f81b9d3a2340a696bf6809874e450e9be6849 256 skip-monotone 0.000
15 5fe3390e52c7f2ff31e15e854718516feeb7a6c05d4d669126c4f294506c0878 64 1 116.601
15 5fe3390e52c7f2ff31e15e854718516feeb7a6c05d4d669126c4f294506c0878 128 skip-monotone 0.000
15 5fe3390e52c7f2ff31e15e854718516feeb7a6c05d4d669126c4f294506c0878 256 skip-monotone 0.000
16 34b374f5d1133a5cc481a842fcc77ee546a7018c9efd9f35132c30a8051c5208 64 1 113.982
16 34b374f5d1133a5cc481a842fcc77ee546a7018c9efd9f35132c30a8051c5208 128 skip-monotone 0.000
16 34b374f5d1133a5cc481a842fcc77ee546a7018c9efd9f35132c30a8051c5208 256 skip-monotone 0.000
17 1f3ada6993e42b70aebff0edc872b1bb5072e27560dca1d6c68b9ad0778dc8dd 64 1 109.728
17 1f3ada6993e42b70aebff0edc872b1bb5072e27560dca1d6c68b9ad0778dc8dd 128 skip-monotone 0.000
17 1f3ada6993e42b70aebff0edc872b1bb5072e27560dca1d6c68b9ad0778dc8dd 256 skip-monotone 0.000
18 639d957b62de06ebd282c40a053b9a077bd941c430c02889c4956e4ed69a0a12 64 1 68.169
18 639d957b62de06ebd282c40a053b9a077bd941c430c02889c4956e4ed69a0a12 128 skip-monotone 0.000
18 639d957b62de06ebd282c40a053b9a077bd941c430c02889c4956e4ed69a0a12 256 skip-monotone 0.000
19 98182f0760c25616e425ae68918ef0bfbee8d2df4787139ab96075f72a9c63fc 64 1 128.485
19 98182f0760c25616e425ae68918ef0bfbee8d2df4787139ab96075f72a9c63fc 128 skip-monotone 0.000
19 98182f0760c25616e425ae68918ef0bfbee8d2df4787139ab96075f72a9c63fc 256 skip-monotone 0.000
20 134aef0f27b5c25c70809cb5dbf04dbdc2da62cb0ebd921daa00e4b7b660e03b 64 1 60.717
20 134aef0f27b5c25c70809cb5dbf04dbdc2da62cb0ebd921daa00e4b7b660e03b 128 skip-monotone 0.000
20 134aef0f27b5c25c70809cb5dbf04dbdc2da62cb0ebd921daa00e4b7b660e03b 256 skip-monotone 0.000
21 f24b4b8826d64825117747540bbaf3acdf158d4919d814552b0cc3103b601fe2 64 1 137.901
21 f24b4b8826d64825117747540bbaf3acdf158d4919d814552b0cc3103b601fe2 128 skip-monotone 0.000
21 f24b4b8826d64825117747540bbaf3acdf158d4919d814552b0cc3103b601fe2 256 skip-monotone 0.000
22 90d006b60c3cf0070225f600660e7ee1d26bafb6d83816a87439596475ca0d52 64 1 141.349
22 90d006b60c3cf0070225f600660e7ee1d26bafb6d83816a87439596475ca0d52 128 skip-monotone 0.000
22 90d006b60c3cf0070225f600660e7ee1d26bafb6d83816a87439596475ca0d52 256 skip-monotone 0.000
23 3d00806a18033854dbfa6c6da232d672f3b598ea3ff4c86941cf2b4a330af1c0 64 1 70.016
23 3d00806a18033854dbfa6c6da232d672f3b598ea3ff4c86941cf2b4a330af1c0 128 skip-monotone 0.000
23 3d00806a18033854dbfa6c6da232d672f3b598ea3ff4c86941cf2b4a330af1c0 256 skip-monotone 0.000
24 67dd05fd5254f7476ca877b93665f2c8524ff9ad41f730941e3473f46b0502b4 64 1 125.184
24 67dd05fd5254f7476ca877b93665f2c8524ff9ad41f730941e3473f46b0502b4 128 skip-monotone 0.000
24 67dd05fd5254f7476ca877b93665f2c8524ff9ad41f730941e3473f46b0502b4 256 skip-monotone 0.000
25 fdb168b2fdf7f2c7c191427c463b630780dcc7908e3629a6b896117fbd6b6719 64 1 103.166
25 fdb168b2fdf7f2c7c191427c463b630780dcc7908e3629a6b896117fbd6b6719 128 skip-monotone 0.000
25 fdb168b2fdf7f2c7c191427c463b630780dcc7908e3629a6b896117fbd6b6719 256 skip-monotone 0.000
26 2492e4ce2b45fc631aca958440a18ed166fb266fc43fc8f852506ed91d108a92 64 1 108.566
26 2492e4ce2b45fc631aca958440a18ed166fb266fc43fc8f852506ed91d108a92 128 skip-monotone 0.000
26 2492e4ce2b45fc631aca958440a18ed166fb266fc43fc8f852506ed91d108a92 256 skip-monotone 0.000
27 fd2315ada9ea6110eb65eb2bf88a28b509ceaff8e002a59f1f9332448b41b162 64 1 92.852
27 fd2315ada9ea6110eb65eb2bf88a28b509ceaff8e002a59f1f9332448b41b162 128 skip-monotone 0.000
27 fd2315ada9ea6110eb65eb2bf88a28b509ceaff8e002a59f1f9332448b41b162 256 skip-monotone 0.000
28 92b9350c37f61b3cff167f193ab129d5f44ecd1e165b0d971c3200c7bf4ef2d3 64 1 102.622
28 92b9350c37f61b3cff167f193ab129d5f44ecd1e165b0d971c3200c7bf4ef2d3 128 skip-monotone 0.000
28 92b9350c37f61b3cff167f193ab129d5f44ecd1e165b0d971c3200c7bf4ef2d3 256 skip-monotone 0.000
29 c5241416e56d492c447cffd20316272b673628570c37b082653989f460717655 64 1 107.802
29 c5241416e56d492c447cffd20316272b673628570c37b082653989f460717655 128 skip-monotone 0.000
29 c5241416e56d492c447cffd20316272b673628570c37b082653989f460717655 256 skip-monotone 0.000
30 ad3caf0526c8a501560cb0b3026e9ca8c31e371dbd19f178972701ad069d9144 64 1 102.311
30 ad3caf0526c8a501560cb0b3026e9ca8c31e371dbd19f178972701ad069d9144 128 skip-monotone 0.000
30 ad3caf0526c8a501560cb0b3026e9ca8c31e371dbd19f178972701ad069d9144 256 skip-monotone 0.000
31 0cd9bf4eee0ca3e3bd6575c1c8dd55707bab7e197fc77a6de91879f2afa9b613 64 1 148.838
31 0cd9bf4eee0ca3e3bd6575c1c8dd55707bab7e197fc77a6de91879f2afa9b613 128 skip-monotone 0.000
31 0cd9bf4eee0ca3e3bd6575c1c8dd55707bab7e197fc77a6de91879f2afa9b613 256 skip-monotone 0.000
32 7e97158b36917f284c92af17b456de74f0d86431bf72960ff07b5272a920a0ee 64 1 82.147
32 7e97158b36917f284c92af17b456de74f0d86431bf72960ff07b5272a920a0ee 128 skip-monotone 0.000
32 7e97158b36917f284c92af17b456de74f0d86431bf72960ff07b5272a920a0ee 256 skip-monotone 0.000
33 1c215528e595767f786af6930a731e2b89c761f69ff6a443c8026aeed4fe7d89 64 1 94.161
33 1c215528e595767f786af6930a731e2b89c761f69ff6a443c8026aeed4fe7d89 128 skip-monotone 0.000
33 1c215528e595767f786af6930a731e2b89c761f69ff6a443c8026aeed4fe7d89 256 skip-monotone 0.000
34 d42acac9b7ea86a5276184c7ab66db05d4535fef84f8605a104746aef8c4124a 64 1 107.952
34 d42acac9b7ea86a5276184c7ab66db05d4535fef84f8605a104746aef8c4124a 128 skip-monotone 0.000
34 d42acac9b7ea86a5276184c7ab66db05d4535fef84f8605a104746aef8c4124a 256 skip-monotone 0.000
35 aaa70127435c9fa51a8cb16ad71d6d1c4e4c96678393825af2514d3d0c4e0d87 64 1 100.763
35 aaa70127435c9fa51a8cb16ad71d6d1c4e4c96678393825af2514d3d0c4e0d87 128 skip-monotone 0.000
35 aaa70127435c9fa51a8cb16ad71d6d1c4e4c96678393825af2514d3d0c4e0d87 256 skip-monotone 0.000
36 cf4cff50cb7e622efb48e8852ef843b48cf46154056f25c1e49ee41cecfe3d99 64 1 119.992
36 cf4cff50cb7e622efb48e8852ef843b48cf46154056f25c1e49ee41cecfe3d99 128 skip-monotone 0.000
36 cf4cff50cb7e622efb48e8852ef843b48cf46154056f25c1e49ee41cecfe3d99 256 skip-monotone 0.000
37 be79ff561c59d7acbf1949aad833ef7f0772e4885b98870433c1670732d953bb 64 1 81.740
37 be79ff561c59d7acbf1949aad833ef7f0772e4885b98870433c1670732d953bb 128 skip-monotone 0.000
37 be79ff561c59d7acbf1949aad833ef7f0772e4885b98870433c1670732d953bb 256 skip-monotone 0.000
38 f90fdfef64367fc0e97743608b5b85f0da20d96acb33ed72a06d654dfd94315e 64 1 98.270
38 f90fdfef64367fc0e97743608b5b85f0da20d96acb33ed72a06d654dfd94315e 128 skip-monotone 0.000
38 f90fdfef64367fc0e97743608b5b85f0da20d96acb33ed72a06d654dfd94315e 256 skip-monotone 0.000
39 9de6aadc2780e859dabd6d7c6cec2ed5b8aee5da5549bc29cb3a5bca9373e163 64 1 91.617
39 9de6aadc2780e859dabd6d7c6cec2ed5b8aee5da5549bc29cb3a5bca9373e163 128 skip-monotone 0.000
39 9de6aadc2780e859dabd6d7c6cec2ed5b8aee5da5549bc29cb3a5bca9373e163 256 skip-monotone 0.000
40 983cb9cb10772ea5ba3907a93563cada744cc3102da996e1e4d3057034bf6e73 64 1 72.149
40 983cb9cb10772ea5ba3907a93563cada744cc3102da996e1e4d3057034bf6e73 128 skip-monotone 0.000
40 983cb9cb10772ea5ba3907a93563cada744cc3102da996e1e4d3057034bf6e73 256 skip-monotone 0.000
41 c46da33499672a53005b6015e08946b807c6b4242989789ad4d9b4d3bd86fec2 64 1 80.707
41 c46da33499672a53005b6015e08946b807c6b4242989789ad4d9b4d3bd86fec2 128 skip-monotone 0.000
41 c46da33499672a53005b6015e08946b807c6b4242989789ad4d9b4d3bd86fec2 256 skip-monotone 0.000
42 f8cd92f87fb0c38a9e6d443c047c298be3a2d9bf12c81af0de7b178e3cee1664 64 1 118.189
42 f8cd92f87fb0c38a9e6d443c047c298be3a2d9bf12c81af0de7b178e3cee1664 128 skip-monotone 0.000
42 f8cd92f87fb0c38a9e6d443c047c298be3a2d9bf12c81af0de7b178e3cee1664 256 skip-monotone 0.000
43 7fcafbbeeb54a10b89e23b5af7311a90ab58cbc7fdee4d7fb953b6255df0cd33 64 1 106.460
43 7fcafbbeeb54a10b89e23b5af7311a90ab58cbc7fdee4d7fb953b6255df0cd33 128 skip-monotone 0.000
43 7fcafbbeeb54a10b89e23b5af7311a90ab58cbc7fdee4d7fb953b6255df0cd33 256 skip-monotone 0.000
44 72bd74c8be3527f766bfb65f29e155c7f17327e988fd69dcce1aa9350c9d4cfc 64 1 114.869
44 72bd74c8be3527f766bfb65f29e155c7f17327e988fd69dcce1aa9350c9d4cfc 128 skip-monotone 0.000
44 72bd74c8be3527f766bfb65f29e155c7f17327e988fd69dcce1aa9350c9d4cfc 256 skip-monotone 0.000
45 f1dae53ced928cb1e2569bb7fc8c7d6609769dc3dbd93b24ae7624b639101360 64 1 64.711
45 f1dae53ced928cb1e2569bb7fc8c7d6609769dc3dbd93b24ae7624b639101360 128 skip-monotone 0.000
45 f1dae53ced928cb1e2569bb7fc8c7d6609769dc3dbd93b24ae7624b639101360 256 skip-monotone 0.000
46 946496f1833b4a96ca6a60cfb63f2168e44241bd7d12ab80fa933b7a77e5c19e 64 1 66.751
46 946496f1833b4a96ca6a60cfb63f2168e44241bd7d12ab80fa933b7a77e5c19e 128 skip-monotone 0.000
46 946496f1833b4a96ca6a60cfb63f2168e44241bd7d12ab80fa933b7a77e5c19e 256 skip-monotone 0.000
47 67982443544136419794d1dab5afa9d4b99ac5bd7f30c85533cc21bb9d20b8b4 64 1 118.324
47 67982443544136419794d1dab5afa9d4b99ac5bd7f30c85533cc21bb9d20b8b4 128 skip-monotone 0.000
47 67982443544136419794d1dab5afa9d4b99ac5bd7f30c85533cc21bb9d20b8b4 256 skip-monotone 0.000
48 6dcd976f486900688545204dea66700e728f97baa9e552d8e8bf0e5e0b946d81 64 1 61.969
48 6dcd976f486900688545204dea66700e728f97baa9e552d8e8bf0e5e0b946d81 128 skip-monotone 0.000
48 6dcd976f486900688545204dea66700e728f97baa9e552d8e8bf0e5e0b946d81 256 skip-monotone 0.000
49 4524f9a03f2865cb566856db9e11e4f6701e77220a51048dd0792155a7fed6f8 64 1 120.863
49 4524f9a03f2865cb566856db9e11e4f6701e77220a51048dd0792155a7fed6f8 128 skip-monotone 0.000
49 4524f9a03f2865cb566856db9e11e4f6701e77220a51048dd0792155a7fed6f8 256 skip-monotone 0.000
50 cfd5506e791cc54a543cdd6b8dbab81b7ea26e818e96562bbd318530ee30745e 64 1 116.083
50 cfd5506e791cc54a543cdd6b8dbab81b7ea26e818e96562bbd318530ee30745e 128 skip-monotone 0.000
50 cfd5506e791cc54a543cdd6b8dbab81b7ea26e818e96562bbd318530ee30745e 256 skip-monotone 0.000
51 689a26bd5016ba707e3bd6e2d1b7fe8e48b98ba16e2f5256b331e690b883c586 64 1 137.953
51 689a26bd5016ba707e3bd6e2d1b7fe8e48b98ba16e2f5256b331e690b883c586 128 skip-monotone 0.000
51 689a26bd5016ba707e3bd6e2d1b7fe8e48b98ba16e2f5256b331e690b883c586 256 skip-monotone 0.000
52 cbc0dab55ee185c8337de813c9542581110457544fe6c7a3c1e8b2ad059095ac 64 1 108.629
52 cbc0dab55ee185c8337de813c9542581110457544fe6c7a3c1e8b2ad059095ac 128 skip-monotone 0.000
52 cbc0dab55ee185c8337de813c9542581110457544fe6c7a3c1e8b2ad059095ac 256 skip-monotone 0.000
53 9febd56d91b4b1aa7ddd4fe03eae7533658df45353e0b37eb975ffe8f8d96845 64 1 120.727
53 9febd56d91b4b1aa7ddd4fe03eae7533658df45353e0b37eb975ffe8f8d96845 128 skip-monotone 0.000
53 9febd56d91b4b1aa7ddd4fe03eae7533658df45353e0b37eb975ffe8f8d96845 256 skip-monotone 0.000
54 0ab46343fc1a121be7d5f4c7459418388b78526cdf3cbd9890a971ee7ee42d2d 64 1 102.966
54 0ab46343fc1a121be7d5f4c7459418388b78526cdf3cbd9890a971ee7ee42d2d 128 skip-monotone 0.000
54 0ab46343fc1a121be7d5f4c7459418388b78526cdf3cbd9890a971ee7ee42d2d 256 skip-monotone 0.000
55 53532531d48b5959178ef3109737a3c747fc7bfdbe5efe2bbb30a32ca5860617 64 1 158.258
55 53532531d48b5959178ef3109737a3c747fc7bfdbe5efe2bbb30a32ca5860617 128 skip-monotone 0.000
55 53532531d48b5959178ef3109737a3c747fc7bfdbe5efe2bbb30a32ca5860617 256 skip-monotone 0.000
56 e1d16c308f5932b290830a23a0b5a33c45398277ceddff4b7bfe5d65f7f9a5d5 64 1 88.923
56 e1d16c308f5932b290830a23a0b5a33c45398277ceddff4b7bfe5d65f7f9a5d5 128 skip-monotone 0.000
56 e1d16c308f5932b290830a23a0b5a33c45398277ceddff4b7bfe5d65f7f9a5d5 256 skip-monotone 0.000
57 828fefe479efedb80622590ea2ce159ab6323249459f20ddd31a9f11fac0a5cb 64 1 92.901
57 828fefe479efedb80622590ea2ce159ab6323249459f20ddd31a9f11fac0a5cb 128 skip-monotone 0.000
57 828fefe479efedb80622590ea2ce159ab6323249459f20ddd31a9f11fac0a5cb 256 skip-monotone 0.000
58 4484e5b0a48b4a49c1cf083f39736271c7c61a5b9b304352813b31d9840cee7e 64 1 75.041
58 4484e5b0a48b4a49c1cf083f39736271c7c61a5b9b304352813b31d9840cee7e 128 skip-monotone 0.000
58 4484e5b0a48b4a49c1cf083f39736271c7c61a5b9b304352813b31d9840cee7e 256 skip-monotone 0.000
59 43f30e644366ceaeb3ed8dd38d4bba54cd7b752189833bdff5e396cc53f315b4 64 1 126.729
59 43f30e644366ceaeb3ed8dd38d4bba54cd7b752189833bdff5e396cc53f315b4 128 skip-monotone 0.000
59 43f30e644366ceaeb3ed8dd38d4bba54cd7b752189833bdff5e396cc53f315b4 256 skip-monotone 0.000
60 8560406cdaeb4815ddffa1393af7255cdd6eb70af883aab6a96b1cc32afa95db 64 1 118.548
60 8560406cdaeb4815ddffa1393af7255cdd6eb70af883aab6a96b1cc32afa95db 128 skip-monotone 0.000
60 8560406cdaeb4815ddffa1393af7255cdd6eb70af883aab6a96b1cc32afa95db 256 skip-monotone 0.000
61 82966e4b4c272818db1b04812bd8d27ec052f1a4add5adcf974d9f2bacb4433c 64 1 87.524
61 82966e4b4c272818db1b04812bd8d27ec052f1a4add5adcf974d9f2bacb4433c 128 skip-monotone 0.000
61 82966e4b4c272818db1b04812bd8d27ec052f1a4add5adcf974d9f2bacb4433c 256 skip-monotone 0.000
62 cc78d394c8afa3b47ecd9528fe0c7b8ca9e402f9bff446699c3a74408dbcb454 64 1 106.924
62 cc78d394c8afa3b47ecd9528fe0c7b8ca9e402f9bff446699c3a74408dbcb454 128 skip-monotone 0.000
62 cc78d394c8afa3b47ecd9528fe0c7b8ca9e402f9bff446699c3a74408dbcb454 256 skip-monotone 0.000
63 7e30a29f3a18b8ee05d4a48243bdef67d56b97d58f0989831b740ad8a5b21f5d 64 1 92.313
63 7e30a29f3a18b8ee05d4a48243bdef67d56b97d58f0989831b740ad8a5b21f5d 128 skip-monotone 0.000
63 7e30a29f3a18b8ee05d4a48243bdef67d56b97d58f0989831b740ad8a5b21f5d 256 skip-monotone 0.000
64 fa759b56131fe6555af63aba4037f10a5bf76dc10d04840a557740bff40f242c 64 1 105.278
64 fa759b56131fe6555af63aba4037f10a5bf76dc10d04840a557740bff40f242c 128 skip-monotone 0.000
64 fa759b56131fe6555af63aba4037f10a5bf76dc10d04840a557740bff40f242c 256 skip-monotone 0.000
65 fdcd2c201c8e33ccfa4617fedd471dc8df8e63dcb16e5b0624b4415530d24d39 64 1 99.064
65 fdcd2c201c8e33ccfa4617fedd471dc8df8e63dcb16e5b0624b4415530d24d39 128 skip-monotone 0.000
65 fdcd2c201c8e33ccfa4617fedd471dc8df8e63dcb16e5b0624b4415530d24d39 256 skip-monotone 0.000
66 617b63eaed625cd7a7b6d7483f9e311b665d3c8bdc35f8b65503649168783ddc 64 1 75.450
66 617b63eaed625cd7a7b6d7483f9e311b665d3c8bdc35f8b65503649168783ddc 128 skip-monotone 0.000
66 617b63eaed625cd7a7b6d7483f9e311b665d3c8bdc35f8b65503649168783ddc 256 skip-monotone 0.000
67 c3d8ed76d61f23d1b0abbf233b2d112a1dca9f0b60ac73e88400dce27ba7a9df 64 1 144.129
67 c3d8ed76d61f23d1b0abbf233b2d112a1dca9f0b60ac73e88400dce27ba7a9df 128 skip-monotone 0.000
67 c3d8ed76d61f23d1b0abbf233b2d112a1dca9f0b60ac73e88400dce27ba7a9df 256 skip-monotone 0.000
68 dfabf706be8cc1131d9e6789c1972d9f307341c7deda54efbf097d1d5657c1b9 64 1 83.660
68 dfabf706be8cc1131d9e6789c1972d9f307341c7deda54efbf097d1d5657c1b9 128 skip-monotone 0.000
68 dfabf706be8cc1131d9e6789c1972d9f307341c7deda54efbf097d1d5657c1b9 256 skip-monotone 0.000
69 81690d351f94b62b8411dc2752a9736d8087f24ba9bfcea434b71180c41d4a1e 64 1 149.370
69 81690d351f94b62b8411dc2752a9736d8087f24ba9bfcea434b71180c41d4a1e 128 skip-monotone 0.000
69 81690d351f94b62b8411dc2752a9736d8087f24ba9bfcea434b71180c41d4a1e 256 skip-monotone 0.000
70 4f98ab758032fa43806cda2071c1668a51f3814b6faa7287f12f604dfcc7d857 64 1 112.683
70 4f98ab758032fa43806cda2071c1668a51f3814b6faa7287f12f604dfcc7d857 128 skip-monotone 0.000
70 4f98ab758032fa43806cda2071c1668a51f3814b6faa7287f12f604dfcc7d857 256 skip-monotone 0.000
71 98a982b2209b5601094e34935db477cb0e97d25a098eae8c7d086cc4eb2ecfb8 64 1 115.280
71 98a982b2209b5601094e34935db477cb0e97d25a098eae8c7d086cc4eb2ecfb8 128 skip-monotone 0.000
71 98a982b2209b5601094e34935db477cb0e97d25a098eae8c7d086cc4eb2ecfb8 256 skip-monotone 0.000
72 0e721530e5398b3b20d1a63d26f5285f7b946d725bbe42a0366142af7f98a2f1 64 1 97.406
72 0e721530e5398b3b20d1a63d26f5285f7b946d725bbe42a0366142af7f98a2f1 128 skip-monotone 0.000
72 0e721530e5398b3b20d1a63d26f5285f7b946d725bbe42a0366142af7f98a2f1 256 skip-monotone 0.000
73 cd16256e94e6c039773188ce4dd1d389fc83d19dab6feb6723db591f2e4338d4 64 1 132.808
73 cd16256e94e6c039773188ce4dd1d389fc83d19dab6feb6723db591f2e4338d4 128 skip-monotone 0.000
73 cd16256e94e6c039773188ce4dd1d389fc83d19dab6feb6723db591f2e4338d4 256 skip-monotone 0.000
74 d8730bb7e1d2a8146d1644e9b06b760694bacbf1038c926365b95c17ead9abf6 64 1 103.143
74 d8730bb7e1d2a8146d1644e9b06b760694bacbf1038c926365b95c17ead9abf6 128 skip-monotone 0.000
74 d8730bb7e1d2a8146d1644e9b06b760694bacbf1038c926365b95c17ead9abf6 256 skip-monotone 0.000
75 fe2b3aae5e6e270428acb17f71d78f66288d90c1329958ce1ff0befb5e65815b 64 1 112.304
75 fe2b3aae5e6e270428acb17f71d78f66288d90c1329958ce1ff0befb5e65815b 128 skip-monotone 0.000
75 fe2b3aae5e6e270428acb17f71d78f66288d90c1329958ce1ff0befb5e65815b 256 skip-monotone 0.000
76 3261ffb6f69d49cc59d66840def606b5a54ae80c23df83b3668260531f4902fd 64 1 105.339
76 3261ffb6f69d49cc59d66840def606b5a54ae80c23df83b3668260531f4902fd 128 skip-monotone 0.000
76 3261ffb6f69d49cc59d66840def606b5a54ae80c23df83b3668260531f4902fd 256 skip-monotone 0.000
77 77a613f628b4ed033b13156ffd622df0beffb297b916013fa80d63298b19b698 64 1 87.526
77 77a613f628b4ed033b13156ffd622df0beffb297b916013fa80d63298b19b698 128 skip-monotone 0.000
77 77a613f628b4ed033b13156ffd622df0beffb297b916013fa80d63298b19b698 256 skip-monotone 0.000
78 47e66fa1c1f4002c28f5b2c5f8554988d0e1d86d532f4110847962bbabdbf911 64 1 97.500
78 47e66fa1c1f4002c28f5b2c5f8554988d0e1d86d532f4110847962bbabdbf911 128 skip-monotone 0.000
78 47e66fa1c1f4002c28f5b2c5f8554988d0e1d86d532f4110847962bbabdbf911 256 skip-monotone 0.000
79 df711d451677fdaa03a50e26c49acd8a6e552d6cb960c0e757d7c9b667c0a99c 64 1 128.833
79 df711d451677fdaa03a50e26c49acd8a6e552d6cb960c0e757d7c9b667c0a99c 128 skip-monotone 0.000
79 df711d451677fdaa03a50e26c49acd8a6e552d6cb960c0e757d7c9b667c0a99c 256 skip-monotone 0.000
80 f765c1f48814521cfd15c6043720ae1ff06cd5b69a0409c473f62729f87740ec 64 1 95.896
80 f765c1f48814521cfd15c6043720ae1ff06cd5b69a0409c473f62729f87740ec 128 skip-monotone 0.000
80 f765c1f48814521cfd15c6043720ae1ff06cd5b69a0409c473f62729f87740ec 256 skip-monotone 0.000
81 a8af650887290532e7ee22ac9e86d36402dc16bb715d3e4b5bd52207a2d001c4 64 1 83.655
81 a8af650887290532e7ee22ac9e86d36402dc16bb715d3e4b5bd52207a2d001c4 128 skip-monotone 0.000
81 a8af650887290532e7ee22ac9e86d36402dc16bb715d3e4b5bd52207a2d001c4 256 skip-monotone 0.000
82 9410eb9056ce0b742112db8d53bf51bc7030830f16a08ee38e8a200f39cdf10c 64 1 73.631
82 9410eb9056ce0b742112db8d53bf51bc7030830f16a08ee38e8a200f39cdf10c 128 skip-monotone 0.000
82 9410eb9056ce0b742112db8d53bf51bc7030830f16a08ee38e8a200f39cdf10c 256 skip-monotone 0.000
83 4d7d5d7261987cc48b02b51c183be050f3cc27c0164c39f72f1367ab9b77102b 64 1 100.082
83 4d7d5d7261987cc48b02b51c183be050f3cc27c0164c39f72f1367ab9b77102b 128 skip-monotone 0.000
83 4d7d5d7261987cc48b02b51c183be050f3cc27c0164c39f72f1367ab9b77102b 256 skip-monotone 0.000
84 534a2e101e7575d8adfad85cdb61f1a6a4ec3cd87c546a721f34ec02f75221cf 64 1 116.455
84 534a2e101e7575d8adfad85cdb61f1a6a4ec3cd87c546a721f34ec02f75221cf 128 skip-monotone 0.000
84 534a2e101e7575d8adfad85cdb61f1a6a4ec3cd87c546a721f34ec02f75221cf 256 skip-monotone 0.000
85 d1855bdee3e8a141a0f4b083d1bdb707561119cc62584324cba051dc17bc9db7 64 1 120.201
85 d1855bdee3e8a141a0f4b083d1bdb707561119cc62584324cba051dc17bc9db7 128 skip-monotone 0.000
85 d1855bdee3e8a141a0f4b083d1bdb707561119cc62584324cba051dc17bc9db7 256 skip-monotone 0.000
86 0f1b6e756de699c5783050b037956514523779c84b8976e51c99ce43524875cc 64 1 81.187
86 0f1b6e756de699c5783050b037956514523779c84b8976e51c99ce43524875cc 128 skip-monotone 0.000
86 0f1b6e756de699c5783050b037956514523779c84b8976e51c99ce43524875cc 256 skip-monotone 0.000
87 864b15c796323b32467113078a42ab67147293d1f13f21a79bcbd72c45f73150 64 1 109.434
87 864b15c796323b32467113078a42ab67147293d1f13f21a79bcbd72c45f73150 128 skip-monotone 0.000
87 864b15c796323b32467113078a42ab67147293d1f13f21a79bcbd72c45f73150 256 skip-monotone 0.000
88 2c68b7306e5e20311dbdab3c12a1e2cf5b282eadf0c80f9405f27d4945907eee 64 1 117.036
88 2c68b7306e5e20311dbdab3c12a1e2cf5b282eadf0c80f9405f27d4945907eee 128 skip-monotone 0.000
88 2c68b7306e5e20311dbdab3c12a1e2cf5b282eadf0c80f9405f27d4945907eee 256 skip-monotone 0.000
89 0addd82d17ab619bc99ea4aab5a5d6840684a109de9a2830ec08549263a72c12 64 1 108.045
89 0addd82d17ab619bc99ea4aab5a5d6840684a109de9a2830ec08549263a72c12 128 skip-monotone 0.000
89 0addd82d17ab619bc99ea4aab5a5d6840684a109de9a2830ec08549263a72c12 256 skip-monotone 0.000
90 a6d2f2158bf8214c46fc3aa30dc63e2c00bff2c2d5cce389c357f579559e166b 64 1 119.063
90 a6d2f2158bf8214c46fc3aa30dc63e2c00bff2c2d5cce389c357f579559e166b 128 skip-monotone 0.000
90 a6d2f2158bf8214c46fc3aa30dc63e2c00bff2c2d5cce389c357f579559e166b 256 skip-monotone 0.000
91 5615b60b0b2ce84bbf556de0a9d8920eb42ac82035b2d07bd35d0d64cf04bcde 64 1 91.457
91 5615b60b0b2ce84bbf556de0a9d8920eb42ac82035b2d07bd35d0d64cf04bcde 128 skip-monotone 0.000
91 5615b60b0b2ce84bbf556de0a9d8920eb42ac82035b2d07bd35d0d64cf04bcde 256 skip-monotone 0.000
92 6b7cec34cee0f40c91bfdc536eeed8f37cbc8e73e6abc5928cb81478fb7b9000 64 1 178.191
92 6b7cec34cee0f40c91bfdc536eeed8f37cbc8e73e6abc5928cb81478fb7b9000 128 skip-monotone 0.000
92 6b7cec34cee0f40c91bfdc536eeed8f37cbc8e73e6abc5928cb81478fb7b9000 256 skip-monotone 0.000
93 27a68293dc3a8b8f555beb0a91650744bf328f4958f54c55a897a5dc7d84f100 64 1 120.853
93 27a68293dc3a8b8f555beb0a91650744bf328f4958f54c55a897a5dc7d84f100 128 skip-monotone 0.000
93 27a68293dc3a8b8f555beb0a91650744bf328f4958f54c55a897a5dc7d84f100 256 skip-monotone 0.000
94 3f9f583a1e760cb7b204005d501abb10a337c0631166375b47293624dc5483ee 64 1 109.221
94 3f9f583a1e760cb7b204005d501abb10a337c0631166375b47293624dc5483ee 128 skip-monotone 0.000
94 3f9f583a1e760cb7b204005d501abb10a337c0631166375b47293624dc5483ee 256 skip-monotone 0.000
95 668da92498730ff86a2e3d2c2ff66c509accdc7efc395bf5fd5cc721796f30c3 64 1 91.812
95 668da92498730ff86a2e3d2c2ff66c509accdc7efc395bf5fd5cc721796f30c3 128 skip-monotone 0.000
95 668da92498730ff86a2e3d2c2ff66c509accdc7efc395bf5fd5cc721796f30c3 256 skip-monotone 0.000
96 6695a1430fc5265d28f12c55ab7675319fa705c520f328727c13f74acdf3443a 64 1 67.756
96 6695a1430fc5265d28f12c55ab7675319fa705c520f328727c13f74acdf3443a 128 skip-monotone 0.000
96 6695a1430fc5265d28f12c55ab7675319fa705c520f328727c13f74acdf3443a 256 skip-monotone 0.000
97 db3a0004b757c2be6cfae1d4cd69bba01de17025c5737a1af1b4f060ec7eef43 64 1 135.465
97 db3a0004b757c2be6cfae1d4cd69bba01de17025c5737a1af1b4f060ec7eef43 128 skip-monotone 0.000
97 db3a0004b757c2be6cfae1d4cd69bba01de17025c5737a1af1b4f060ec7eef43 256 skip-monotone 0.000
98 beecd8562bee24494f3be100f15da964a165b5fd37ef4272faa617e57948a4b3 64 1 141.853
98 beecd8562bee24494f3be100f15da964a165b5fd37ef4272faa617e57948a4b3 128 skip-monotone 0.000
98 beecd8562bee24494f3be100f15da964a165b5fd37ef4272faa617e57948a4b3 256 skip-monotone 0.000
99 cb6867b95ba9cb6044a40ccafd6accb4d5c860ae2293de0eeed5864698ca1678 64 1 104.104
99 cb6867b95ba9cb6044a40ccafd6accb4d5c860ae2293de0eeed5864698ca1678 128 skip-monotone 0.000
99 cb6867b95ba9cb6044a40ccafd6accb4d5c860ae2293de0eeed5864698ca1678 256 skip-monotone 0.000
# summary
# budget=64 successes=100/100 rate=1.000000
# budget=128 successes=100/100 rate=1.000000
# budget=256 successes=100/100 rate=1.000000
